<?xml version="1.0" encoding="UTF-8"?>
<!-- Generated by org.testng.reporters.JUnitXMLReporter -->
<testsuite ignored="0" hostname="Juhi" failures="0" tests="3" name="Test" time="15.731" errors="0" timestamp="2024-09-25T23:15:23 IST">
  <testcase classname="com.Saucedemo.Testcases.VerifySaucedemoLogin" name="verifyValidLogin" time="0.333"/>
  <testcase classname="com.Saucedemo.Testcases.VerifySaucedemoLogin" name="verifyLogout" time="9.841"/>
  <testcase classname="com.Saucedemo.Testcases.VerifySaucedemoProductPage" name="verifyProductPage" time="0.497"/>
</testsuite> <!-- Test -->
