<?xml version="1.0" encoding="UTF-8"?>
<testng-results ignored="0" total="3" passed="3" failed="0" skipped="0">
  <reporter-output>
  </reporter-output>
  <suite started-at="2024-09-25T23:15:07 IST" name="Suite" finished-at="2024-09-25T23:15:23 IST" duration-ms="15731">
    <groups>
    </groups>
    <test started-at="2024-09-25T23:15:07 IST" name="Test" finished-at="2024-09-25T23:15:23 IST" duration-ms="15731">
      <class name="com.Saucedemo.Testcases.VerifySaucedemoProductPage">
        <test-method is-config="true" signature="setup()[pri:0, instance:com.Saucedemo.Testcases.VerifySaucedemoProductPage@6e950bcf]" started-at="2024-09-25T23:15:21 IST" name="setup" finished-at="2024-09-25T23:15:22 IST" duration-ms="1697" status="PASS">
          <reporter-output>
          </reporter-output>
        </test-method> <!-- setup -->
        <test-method signature="verifyProductPage()[pri:0, instance:com.Saucedemo.Testcases.VerifySaucedemoProductPage@6e950bcf]" started-at="2024-09-25T23:15:22 IST" name="verifyProductPage" finished-at="2024-09-25T23:15:23 IST" duration-ms="497" status="PASS">
          <reporter-output>
          </reporter-output>
        </test-method> <!-- verifyProductPage -->
        <test-method is-config="true" signature="tearDown()[pri:0, instance:com.Saucedemo.Testcases.VerifySaucedemoProductPage@6e950bcf]" started-at="2024-09-25T23:15:23 IST" name="tearDown" finished-at="2024-09-25T23:15:23 IST" duration-ms="117" status="PASS">
          <reporter-output>
          </reporter-output>
        </test-method> <!-- tearDown -->
      </class> <!-- com.Saucedemo.Testcases.VerifySaucedemoProductPage -->
      <class name="com.Saucedemo.Testcases.VerifySaucedemoLogin">
        <test-method is-config="true" signature="setup()[pri:0, instance:com.Saucedemo.Testcases.VerifySaucedemoLogin@71c27ee8]" started-at="2024-09-25T23:15:07 IST" name="setup" finished-at="2024-09-25T23:15:10 IST" duration-ms="3015" status="PASS">
          <reporter-output>
          </reporter-output>
        </test-method> <!-- setup -->
        <test-method signature="verifyValidLogin()[pri:0, instance:com.Saucedemo.Testcases.VerifySaucedemoLogin@71c27ee8]" started-at="2024-09-25T23:15:10 IST" name="verifyValidLogin" finished-at="2024-09-25T23:15:11 IST" duration-ms="333" status="PASS">
          <reporter-output>
          </reporter-output>
        </test-method> <!-- verifyValidLogin -->
        <test-method signature="verifyLogout()[pri:0, instance:com.Saucedemo.Testcases.VerifySaucedemoLogin@71c27ee8]" started-at="2024-09-25T23:15:11 IST" name="verifyLogout" finished-at="2024-09-25T23:15:20 IST" depends-on-methods="com.Saucedemo.Testcases.VerifySaucedemoLogin.verifyValidLogin" duration-ms="9841" status="PASS">
          <reporter-output>
          </reporter-output>
        </test-method> <!-- verifyLogout -->
        <test-method is-config="true" signature="tearDown()[pri:0, instance:com.Saucedemo.Testcases.VerifySaucedemoLogin@71c27ee8]" started-at="2024-09-25T23:15:20 IST" name="tearDown" finished-at="2024-09-25T23:15:21 IST" duration-ms="184" status="PASS">
          <reporter-output>
          </reporter-output>
        </test-method> <!-- tearDown -->
      </class> <!-- com.Saucedemo.Testcases.VerifySaucedemoLogin -->
    </test> <!-- Test -->
  </suite> <!-- Suite -->
</testng-results>
